Info: *******************************************************************
Info: Running Quartus Prime Shell
    Info: Version 22.1std.1 Build 917 02/14/2023 SC Lite Edition
    Info: Copyright (C) 2023  Intel Corporation. All rights reserved.
    Info: Your use of Intel Corporation's design tools, logic functions 
    Info: and other software and tools, and any partner logic 
    Info: functions, and any output files from any of the foregoing 
    Info: (including device programming or simulation files), and any 
    Info: associated documentation or information are expressly subject 
    Info: to the terms and conditions of the Intel Program License 
    Info: Subscription Agreement, the Intel Quartus Prime License Agreement,
    Info: the Intel FPGA IP License Agreement, or other applicable license
    Info: agreement, including, without limitation, that your use is for
    Info: the sole purpose of programming logic devices manufactured by
    Info: Intel and sold by Intel or its authorized distributors.  Please
    Info: refer to the applicable agreement for further details, at
    Info: https://fpgasoftware.intel.com/eula.
    Info: Processing started: Sat Dec 23 13:46:41 2023
Info: Command: quartus_sh -t ..//DeMiSTify/Scripts/mkproject.tcl -project jupiter -board poseidon-ep4cgx150 -rootpath ../
Info: Quartus(args): -project jupiter -board poseidon-ep4cgx150 -rootpath ../
Info (125061): Changed top-level design entity name to "poseidon-ep4cgx150_top"
Info (125061): Changed top-level design entity name to "poseidon_top"
Warning (125096): Overriding device family setting Cyclone V -- part EP4CGX150DF27I7 belongs to device family Cyclone IV GX
    Info (125063): set_global_assignment -name DEVICE EP4CGX150DF27I7
Board-specific project override not found, or contains errors.
Info (23030): Evaluation of Tcl script ..//DeMiSTify/Scripts/mkproject.tcl was successful
Info: Quartus Prime Shell was successful. 0 errors, 1 warning
    Info: Peak virtual memory: 489 megabytes
    Info: Processing ended: Sat Dec 23 13:46:42 2023
    Info: Elapsed time: 00:00:01
    Info: Total CPU time (on all processors): 00:00:00
